\BOOKMARK [1][-]{section*.1}{\376\377\000I\000n\000t\000r\000o\000d\000u\000c\000t\000i\000o\000n}{}% 1
\BOOKMARK [2][-]{section*.2}{\376\377\000A\000n\000e\000m\000i\000a}{section*.1}% 2
\BOOKMARK [2][-]{section*.3}{\376\377\0002\0000\0000\0008\000\040\000W\000o\000r\000l\000d\000\040\000F\000o\000o\000d\000\040\000P\000r\000i\000c\000e\000\040\000C\000r\000i\000s\000i\000s}{section*.1}% 3
\BOOKMARK [2][-]{section*.4}{\376\377\000T\000h\000e\000\040\000E\000c\000o\000n\000o\000m\000y\000\040\000o\000f\000\040\000S\000e\000n\000e\000g\000a\000l\000:\000\040\000F\000o\000o\000d\000\040\000a\000n\000d\000\040\000T\000r\000a\000d\000e}{section*.1}% 4
\BOOKMARK [1][-]{section*.5}{\376\377\000M\000e\000c\000h\000a\000n\000i\000s\000m\000s}{}% 5
\BOOKMARK [2][-]{section*.6}{\376\377\0001\000.\000\040\000W\000o\000r\000l\000d\000\040\000P\000r\000i\000c\000e\000,\000\040\000L\000o\000c\000a\000l\000\040\000P\000r\000i\000c\000e\000\040\000a\000n\000d\000\040\000T\000r\000a\000n\000s\000p\000o\000r\000t\000a\000t\000i\000o\000n\000\040\000C\000o\000s\000t\000s}{section*.5}% 6
\BOOKMARK [2][-]{section*.7}{\376\377\0002\000.\000\040\000P\000r\000i\000c\000e\000\040\000a\000n\000d\000\040\000C\000o\000n\000s\000u\000m\000p\000t\000i\000o\000n}{section*.5}% 7
\BOOKMARK [2][-]{section*.8}{\376\377\0003\000-\0005\000.\000\040\000I\000r\000o\000n\000\040\000a\000n\000d\000\040\000A\000n\000e\000m\000i\000a\000\040\000i\000n\000\040\000M\000o\000t\000h\000e\000r\000\040\000a\000n\000d\000\040\000C\000h\000i\000l\000d}{section*.5}% 8
\BOOKMARK [1][-]{section*.9}{\376\377\000D\000a\000t\000a}{}% 9
\BOOKMARK [2][-]{section*.10}{\376\377\000H\000e\000m\000o\000g\000l\000o\000b\000i\000n}{section*.9}% 10
\BOOKMARK [2][-]{section*.11}{\376\377\000O\000t\000h\000e\000r\000\040\000V\000a\000r\000i\000a\000b\000l\000e\000s\000\040\000o\000f\000\040\000I\000n\000t\000e\000r\000e\000s\000t}{section*.9}% 11
\BOOKMARK [1][-]{section*.12}{\376\377\000M\000e\000t\000h\000o\000d\000s}{}% 12
\BOOKMARK [2][-]{section*.13}{\376\377\000I\000d\000e\000n\000t\000i\000f\000i\000c\000a\000t\000i\000o\000n}{section*.12}% 13
\BOOKMARK [2][-]{section*.14}{\376\377\000S\000p\000e\000c\000i\000f\000i\000c\000a\000t\000i\000o\000n\000s}{section*.12}% 14
\BOOKMARK [1][-]{section*.15}{\376\377\000R\000e\000s\000u\000l\000t\000s}{}% 15
\BOOKMARK [2][-]{section*.16}{\376\377\000S\000p\000a\000t\000i\000a\000l\000\040\000D\000i\000s\000t\000r\000i\000b\000u\000t\000i\000o\000n\000\040\000o\000f\000\040\000E\000f\000f\000e\000c\000t\000s}{section*.15}% 16
\BOOKMARK [1][-]{section*.17}{\376\377\000D\000i\000s\000c\000u\000s\000s\000i\000o\000n}{}% 17
\BOOKMARK [2][-]{section*.18}{\376\377\000T\000h\000e\000\040\000E\000f\000f\000e\000c\000t\000\040\000o\000f\000\040\000E\000x\000p\000o\000s\000u\000r\000e}{section*.17}% 18
\BOOKMARK [2][-]{section*.19}{\376\377\000I\000n\000t\000e\000r\000p\000r\000e\000t\000a\000t\000i\000o\000n\000\040\000o\000f\000\040\000V\000a\000r\000i\000a\000b\000l\000e\000s}{section*.17}% 19
\BOOKMARK [2][-]{section*.20}{\376\377\000C\000o\000n\000n\000e\000c\000t\000i\000o\000n\000\040\000t\000o\000\040\000t\000h\000e\000\040\000B\000r\000o\000a\000d\000e\000r\000\040\000L\000i\000t\000e\000r\000a\000t\000u\000r\000e}{section*.17}% 20
\BOOKMARK [1][-]{section*.21}{\376\377\000C\000o\000n\000c\000l\000u\000s\000i\000o\000n}{}% 21
\BOOKMARK [1][-]{section*.22}{\376\377\000F\000u\000t\000u\000r\000e\000\040\000R\000e\000s\000e\000a\000r\000c\000h}{}% 22
\BOOKMARK [1][-]{section*.23}{\376\377\000R\000e\000f\000e\000r\000e\000n\000c\000e\000s}{}% 23
\BOOKMARK [1][-]{section*.24}{\376\377\000A\000p\000p\000e\000n\000d\000i\000x\000\040\0001\000:\000\040\000A\000\040\000g\000u\000i\000d\000e\000\040\000t\000o\000\040\000S\000e\000n\000e\000g\000a\000l\000'\000s\000\040\000R\000e\000g\000i\000o\000n\000s}{}% 24
\BOOKMARK [1][-]{section*.25}{\376\377\000A\000p\000p\000e\000n\000d\000i\000x\000\040\0002\000:\000\040\000A\000l\000t\000e\000r\000n\000a\000t\000e\000\040\000S\000p\000e\000c\000i\000f\000i\000c\000a\000t\000i\000o\000n\000s}{}% 25
\BOOKMARK [2][-]{section*.26}{\376\377\000N\000a\000r\000r\000o\000w\000\040\000W\000i\000n\000d\000o\000w}{section*.25}% 26
\BOOKMARK [2][-]{section*.27}{\376\377\000L\000e\000a\000d\000-\000l\000a\000g}{section*.25}% 27
\BOOKMARK [2][-]{section*.28}{\376\377\000S\000e\000l\000e\000c\000t\000i\000o\000n}{section*.25}% 28
\BOOKMARK [2][-]{section*.29}{\376\377\000S\000e\000a\000s\000o\000n\000a\000l\000\040\000F\000i\000x\000e\000d\000\040\000E\000f\000f\000e\000c\000t\000s}{section*.25}% 29
\BOOKMARK [1][-]{section*.30}{\376\377\000A\000p\000p\000e\000n\000d\000i\000x\000\040\0003\000:\000\040\000M\000o\000r\000e\000\040\000i\000n\000f\000o\000r\000m\000a\000t\000i\000o\000n\000\040\000o\000n\000\040\000t\000h\000e\000\040\000s\000p\000a\000t\000i\000a\000l\000\040\000d\000i\000s\000t\000r\000i\000b\000u\000t\000i\000o\000n\000\040\000o\000f\000\040\000v\000a\000r\000i\000a\000b\000l\000e\000s\000\040\000i\000n\000\040\000S\000e\000n\000e\000g\000a\000l}{}% 30
